{"level":"fatal","message":"Prueba fatal"}
{"level":"error","message":"Prueba error"}
{"level":"fatal","message":"Prueba fatal"}
{"level":"error","message":"Prueba error"}
{"level":"error"}
{"level":"error"}
{"level":"error"}
{"level":"error"}
{"level":"error"}
{"level":"error"}
{"level":"error"}
{"level":"error"}
{"level":"error","message":{"description":"The new password can not be the same that the previous one","status":400}}
{"level":"error","message":{"description":"The new password can not be the same that the previous one","status":400}}
{"level":"error","message":{"description":"Can not add own products","status":403}}
{"level":"error","message":{"description":"Expired token","status":403}}
{"level":"error","message":{"description":"Product not found","status":404}}
{"level":"error","message":{"description":"Product not found","status":404}}
{"level":"error","message":{"description":"Product not found","status":404}}
{"level":"error","message":{"description":"Product not found","status":404}}
{"level":"error","message":{"description":"Product not found","status":404}}
{"level":"error","message":"Unable to create user, email already registered"}
{"level":"error","message":"Unable to create user, email already registered"}
{"level":"error","message":"Unable to create user, email already registered"}
{"level":"error","message":"Unable to create user, email already registered"}
{"level":"error","message":"Unable to create user, email already registered"}
{"level":"error","message":"Unable to create user, email already registered"}
{"level":"error","message":"Unable to create user, email already registered"}
{"level":"error","message":"Unable to create user, email already registered"}
